  Admin1.cpp
C:\Users\Admin\Desktop\programmingLabs\1-2\oop\project-with-files-\Auto_library\AdminAdd.h(193,10): warning C4996: 'strtok': This function or variable may be unsafe. Consider using strtok_s instead. To disable deprecation, use _CRT_SECURE_NO_WARNINGS. See online help for details.
C:\Users\Admin\Desktop\programmingLabs\1-2\oop\project-with-files-\Auto_library\AdminDelete.h(131,14): warning C4244: 'initializing': conversion from 'std::streamoff' to 'int', possible loss of data
C:\Users\Admin\Desktop\programmingLabs\1-2\oop\project-with-files-\Auto_library\AdminReview.h(148,10): warning C4996: 'strtok': This function or variable may be unsafe. Consider using strtok_s instead. To disable deprecation, use _CRT_SECURE_NO_WARNINGS. See online help for details.
C:\Users\Admin\Desktop\programmingLabs\1-2\oop\project-with-files-\Auto_library\AdminReview.h(153,10): warning C4996: 'strtok': This function or variable may be unsafe. Consider using strtok_s instead. To disable deprecation, use _CRT_SECURE_NO_WARNINGS. See online help for details.
C:\Users\Admin\Desktop\programmingLabs\1-2\oop\project-with-files-\Auto_library\AdminReview.h(154,10): warning C4996: 'strtok': This function or variable may be unsafe. Consider using strtok_s instead. To disable deprecation, use _CRT_SECURE_NO_WARNINGS. See online help for details.
C:\Users\Admin\Desktop\programmingLabs\1-2\oop\project-with-files-\Auto_library\AdminReview.h(159,10): warning C4996: 'strtok': This function or variable may be unsafe. Consider using strtok_s instead. To disable deprecation, use _CRT_SECURE_NO_WARNINGS. See online help for details.
  AdminReview.cpp
C:\Users\Admin\Desktop\programmingLabs\1-2\oop\project-with-files-\Auto_library\AdminReview.h(148,10): warning C4996: 'strtok': This function or variable may be unsafe. Consider using strtok_s instead. To disable deprecation, use _CRT_SECURE_NO_WARNINGS. See online help for details.
C:\Users\Admin\Desktop\programmingLabs\1-2\oop\project-with-files-\Auto_library\AdminReview.h(153,10): warning C4996: 'strtok': This function or variable may be unsafe. Consider using strtok_s instead. To disable deprecation, use _CRT_SECURE_NO_WARNINGS. See online help for details.
C:\Users\Admin\Desktop\programmingLabs\1-2\oop\project-with-files-\Auto_library\AdminReview.h(154,10): warning C4996: 'strtok': This function or variable may be unsafe. Consider using strtok_s instead. To disable deprecation, use _CRT_SECURE_NO_WARNINGS. See online help for details.
C:\Users\Admin\Desktop\programmingLabs\1-2\oop\project-with-files-\Auto_library\AdminReview.h(159,10): warning C4996: 'strtok': This function or variable may be unsafe. Consider using strtok_s instead. To disable deprecation, use _CRT_SECURE_NO_WARNINGS. See online help for details.
  Auto library.cpp
C:\Users\Admin\Desktop\programmingLabs\1-2\oop\project-with-files-\Auto_library\AdminAdd.h(193,10): warning C4996: 'strtok': This function or variable may be unsafe. Consider using strtok_s instead. To disable deprecation, use _CRT_SECURE_NO_WARNINGS. See online help for details.
C:\Users\Admin\Desktop\programmingLabs\1-2\oop\project-with-files-\Auto_library\AdminDelete.h(131,14): warning C4244: 'initializing': conversion from 'std::streamoff' to 'int', possible loss of data
C:\Users\Admin\Desktop\programmingLabs\1-2\oop\project-with-files-\Auto_library\AdminReview.h(148,10): warning C4996: 'strtok': This function or variable may be unsafe. Consider using strtok_s instead. To disable deprecation, use _CRT_SECURE_NO_WARNINGS. See online help for details.
C:\Users\Admin\Desktop\programmingLabs\1-2\oop\project-with-files-\Auto_library\AdminReview.h(153,10): warning C4996: 'strtok': This function or variable may be unsafe. Consider using strtok_s instead. To disable deprecation, use _CRT_SECURE_NO_WARNINGS. See online help for details.
C:\Users\Admin\Desktop\programmingLabs\1-2\oop\project-with-files-\Auto_library\AdminReview.h(154,10): warning C4996: 'strtok': This function or variable may be unsafe. Consider using strtok_s instead. To disable deprecation, use _CRT_SECURE_NO_WARNINGS. See online help for details.
C:\Users\Admin\Desktop\programmingLabs\1-2\oop\project-with-files-\Auto_library\AdminReview.h(159,10): warning C4996: 'strtok': This function or variable may be unsafe. Consider using strtok_s instead. To disable deprecation, use _CRT_SECURE_NO_WARNINGS. See online help for details.
C:\Users\Admin\Desktop\programmingLabs\1-2\oop\project-with-files-\Auto_library\Auto library.cpp(7,1): warning C4829: Possibly incorrect parameters to function main. Consider 'int main(Platform::Array<Platform::String^>^ argv)'
  Login.cpp
C:\Users\Admin\Desktop\programmingLabs\1-2\oop\project-with-files-\Auto_library\AdminAdd.h(193,10): warning C4996: 'strtok': This function or variable may be unsafe. Consider using strtok_s instead. To disable deprecation, use _CRT_SECURE_NO_WARNINGS. See online help for details.
C:\Users\Admin\Desktop\programmingLabs\1-2\oop\project-with-files-\Auto_library\AdminDelete.h(131,14): warning C4244: 'initializing': conversion from 'std::streamoff' to 'int', possible loss of data
C:\Users\Admin\Desktop\programmingLabs\1-2\oop\project-with-files-\Auto_library\AdminReview.h(148,10): warning C4996: 'strtok': This function or variable may be unsafe. Consider using strtok_s instead. To disable deprecation, use _CRT_SECURE_NO_WARNINGS. See online help for details.
C:\Users\Admin\Desktop\programmingLabs\1-2\oop\project-with-files-\Auto_library\AdminReview.h(153,10): warning C4996: 'strtok': This function or variable may be unsafe. Consider using strtok_s instead. To disable deprecation, use _CRT_SECURE_NO_WARNINGS. See online help for details.
C:\Users\Admin\Desktop\programmingLabs\1-2\oop\project-with-files-\Auto_library\AdminReview.h(154,10): warning C4996: 'strtok': This function or variable may be unsafe. Consider using strtok_s instead. To disable deprecation, use _CRT_SECURE_NO_WARNINGS. See online help for details.
C:\Users\Admin\Desktop\programmingLabs\1-2\oop\project-with-files-\Auto_library\AdminReview.h(159,10): warning C4996: 'strtok': This function or variable may be unsafe. Consider using strtok_s instead. To disable deprecation, use _CRT_SECURE_NO_WARNINGS. See online help for details.
  Generating Code...
  About.obj : MSIL module encountered; incremental linking is disabled for MSIL; performing full link
  Auto_library.vcxproj -> C:\Users\Admin\Desktop\programmingLabs\1-2\oop\project-with-files-\Auto_library\x64\Debug\Auto_library.exe
